git-lfs/2.9.2 (GitHub; linux amd64; go 1.13.5)
git version 2.25.1

$ git-lfs clone --mirror git@hf.co:albert/albert-base-v1 /home/chenggang/yuantu_downloads_temps/huggingface/models/albert__albert-base-v1
Error updating the git index:
fatal: this operation must be run in a work tree


exit status 128

Current time in UTC: 
2024-08-27 06:38:04

ENV:
LocalWorkingDir=
LocalGitDir=/home/chenggang/yuantu_downloads_temps/huggingface/models/albert__albert-base-v1
LocalGitStorageDir=/home/chenggang/yuantu_downloads_temps/huggingface/models/albert__albert-base-v1
LocalMediaDir=/home/chenggang/yuantu_downloads_temps/huggingface/models/albert__albert-base-v1/lfs/objects
LocalReferenceDirs=
TempDir=/home/chenggang/yuantu_downloads_temps/huggingface/models/albert__albert-base-v1/lfs/tmp
ConcurrentTransfers=3
TusTransfers=false
BasicTransfersOnly=false
SkipDownloadErrors=false
FetchRecentAlways=false
FetchRecentRefsDays=7
FetchRecentCommitsDays=0
FetchRecentRefsIncludeRemotes=true
PruneOffsetDays=3
PruneVerifyRemoteAlways=false
PruneRemoteName=origin
LfsStorageDir=/home/chenggang/yuantu_downloads_temps/huggingface/models/albert__albert-base-v1/lfs
AccessDownload=none
AccessUpload=none
DownloadTransfers=basic,lfs-standalone-file
UploadTransfers=basic,lfs-standalone-file
GIT_EXEC_PATH=/usr/lib/git-core

Client IP addresses:
172.17.0.25
